{"/Users/sychram/Repositories/thinx-device-api/services/transformer/app/transformer.js": {"path":"/Users/sychram/Repositories/thinx-device-api/services/transformer/app/transformer.js","statementMap":{"0":{"start":{"line":1,"column":0},"end":{"line":3,"column":1}},"1":{"start":{"line":2,"column":2},"end":{"line":2,"column":20}},"2":{"start":{"line":5,"column":15},"end":{"line":5,"column":55}},"3":{"start":{"line":6,"column":0},"end":{"line":15,"column":1}},"4":{"start":{"line":7,"column":18},"end":{"line":7,"column":36}},"5":{"start":{"line":9,"column":12},"end":{"line":14,"column":4}},"6":{"start":{"line":17,"column":14},"end":{"line":17,"column":32}},"7":{"start":{"line":18,"column":11},"end":{"line":18,"column":26}},"8":{"start":{"line":19,"column":12},"end":{"line":19,"column":28}},"9":{"start":{"line":21,"column":0},"end":{"line":21,"column":33}},"10":{"start":{"line":22,"column":0},"end":{"line":22,"column":55}},"11":{"start":{"line":24,"column":15},"end":{"line":24,"column":37}},"12":{"start":{"line":25,"column":15},"end":{"line":25,"column":33}},"13":{"start":{"line":26,"column":16},"end":{"line":26,"column":34}},"14":{"start":{"line":27,"column":16},"end":{"line":27,"column":43}},"15":{"start":{"line":29,"column":19},"end":{"line":29,"column":33}},"16":{"start":{"line":31,"column":11},"end":{"line":44,"column":2}},"17":{"start":{"line":40,"column":33},"end":{"line":40,"column":52}},"18":{"start":{"line":45,"column":0},"end":{"line":250,"column":1}},"19":{"start":{"line":49,"column":4},"end":{"line":49,"column":25}},"20":{"start":{"line":50,"column":4},"end":{"line":50,"column":37}},"21":{"start":{"line":52,"column":4},"end":{"line":65,"column":5}},"22":{"start":{"line":53,"column":6},"end":{"line":53,"column":77}},"23":{"start":{"line":55,"column":20},"end":{"line":55,"column":27}},"24":{"start":{"line":56,"column":6},"end":{"line":59,"column":7}},"25":{"start":{"line":56,"column":19},"end":{"line":56,"column":20}},"26":{"start":{"line":57,"column":8},"end":{"line":58,"column":25}},"27":{"start":{"line":58,"column":10},"end":{"line":58,"column":25}},"28":{"start":{"line":60,"column":6},"end":{"line":62,"column":9}},"29":{"start":{"line":61,"column":8},"end":{"line":61,"column":71}},"30":{"start":{"line":64,"column":6},"end":{"line":64,"column":25}},"31":{"start":{"line":66,"column":4},"end":{"line":66,"column":23}},"32":{"start":{"line":72,"column":4},"end":{"line":72,"column":56}},"33":{"start":{"line":74,"column":4},"end":{"line":76,"column":8}},"34":{"start":{"line":78,"column":4},"end":{"line":82,"column":8}},"35":{"start":{"line":84,"column":22},"end":{"line":84,"column":26}},"36":{"start":{"line":87,"column":4},"end":{"line":87,"column":61}},"37":{"start":{"line":89,"column":4},"end":{"line":89,"column":83}},"38":{"start":{"line":94,"column":4},"end":{"line":105,"column":7}},"39":{"start":{"line":95,"column":6},"end":{"line":95,"column":61}},"40":{"start":{"line":96,"column":6},"end":{"line":96,"column":53}},"41":{"start":{"line":97,"column":6},"end":{"line":97,"column":69}},"42":{"start":{"line":98,"column":6},"end":{"line":98,"column":93}},"43":{"start":{"line":99,"column":6},"end":{"line":104,"column":7}},"44":{"start":{"line":100,"column":8},"end":{"line":100,"column":30}},"45":{"start":{"line":102,"column":8},"end":{"line":102,"column":70}},"46":{"start":{"line":103,"column":8},"end":{"line":103,"column":15}},"47":{"start":{"line":107,"column":4},"end":{"line":109,"column":7}},"48":{"start":{"line":108,"column":6},"end":{"line":108,"column":29}},"49":{"start":{"line":114,"column":23},"end":{"line":119,"column":5}},"50":{"start":{"line":120,"column":4},"end":{"line":120,"column":47}},"51":{"start":{"line":121,"column":40},"end":{"line":121,"column":60}},"52":{"start":{"line":122,"column":4},"end":{"line":125,"column":7}},"53":{"start":{"line":123,"column":8},"end":{"line":123,"column":55}},"54":{"start":{"line":124,"column":8},"end":{"line":124,"column":25}},"55":{"start":{"line":130,"column":4},"end":{"line":132,"column":5}},"56":{"start":{"line":131,"column":6},"end":{"line":131,"column":134}},"57":{"start":{"line":134,"column":4},"end":{"line":140,"column":5}},"58":{"start":{"line":135,"column":6},"end":{"line":138,"column":10}},"59":{"start":{"line":139,"column":6},"end":{"line":139,"column":13}},"60":{"start":{"line":142,"column":18},"end":{"line":142,"column":20}},"61":{"start":{"line":143,"column":4},"end":{"line":147,"column":5}},"62":{"start":{"line":144,"column":6},"end":{"line":144,"column":37}},"63":{"start":{"line":146,"column":6},"end":{"line":146,"column":25}},"64":{"start":{"line":149,"column":15},"end":{"line":149,"column":27}},"65":{"start":{"line":150,"column":4},"end":{"line":156,"column":5}},"66":{"start":{"line":151,"column":6},"end":{"line":154,"column":10}},"67":{"start":{"line":155,"column":6},"end":{"line":155,"column":13}},"68":{"start":{"line":158,"column":17},"end":{"line":158,"column":31}},"69":{"start":{"line":160,"column":4},"end":{"line":166,"column":5}},"70":{"start":{"line":161,"column":6},"end":{"line":164,"column":10}},"71":{"start":{"line":165,"column":6},"end":{"line":165,"column":13}},"72":{"start":{"line":168,"column":4},"end":{"line":168,"column":57}},"73":{"start":{"line":169,"column":4},"end":{"line":169,"column":38}},"74":{"start":{"line":176,"column":4},"end":{"line":202,"column":5}},"75":{"start":{"line":177,"column":20},"end":{"line":177,"column":25}},"76":{"start":{"line":180,"column":6},"end":{"line":185,"column":7}},"77":{"start":{"line":181,"column":8},"end":{"line":181,"column":50}},"78":{"start":{"line":182,"column":8},"end":{"line":182,"column":23}},"79":{"start":{"line":184,"column":8},"end":{"line":184,"column":24}},"80":{"start":{"line":187,"column":6},"end":{"line":194,"column":7}},"81":{"start":{"line":188,"column":8},"end":{"line":193,"column":9}},"82":{"start":{"line":189,"column":10},"end":{"line":189,"column":69}},"83":{"start":{"line":190,"column":10},"end":{"line":190,"column":25}},"84":{"start":{"line":192,"column":10},"end":{"line":192,"column":26}},"85":{"start":{"line":196,"column":6},"end":{"line":198,"column":7}},"86":{"start":{"line":197,"column":8},"end":{"line":197,"column":35}},"87":{"start":{"line":201,"column":6},"end":{"line":201,"column":69}},"88":{"start":{"line":203,"column":4},"end":{"line":203,"column":21}},"89":{"start":{"line":208,"column":20},"end":{"line":208,"column":41}},"90":{"start":{"line":209,"column":17},"end":{"line":209,"column":26}},"91":{"start":{"line":210,"column":16},"end":{"line":210,"column":20}},"92":{"start":{"line":211,"column":4},"end":{"line":238,"column":5}},"93":{"start":{"line":212,"column":18},"end":{"line":212,"column":33}},"94":{"start":{"line":213,"column":21},"end":{"line":213,"column":50}},"95":{"start":{"line":214,"column":6},"end":{"line":214,"column":28}},"96":{"start":{"line":217,"column":17},"end":{"line":217,"column":40}},"97":{"start":{"line":218,"column":6},"end":{"line":221,"column":7}},"98":{"start":{"line":219,"column":8},"end":{"line":219,"column":52}},"99":{"start":{"line":220,"column":8},"end":{"line":220,"column":15}},"100":{"start":{"line":222,"column":6},"end":{"line":226,"column":7}},"101":{"start":{"line":223,"column":8},"end":{"line":223,"column":47}},"102":{"start":{"line":224,"column":8},"end":{"line":224,"column":50}},"103":{"start":{"line":225,"column":8},"end":{"line":225,"column":15}},"104":{"start":{"line":228,"column":6},"end":{"line":237,"column":7}},"105":{"start":{"line":229,"column":8},"end":{"line":229,"column":52}},"106":{"start":{"line":230,"column":8},"end":{"line":233,"column":11}},"107":{"start":{"line":231,"column":10},"end":{"line":231,"column":117}},"108":{"start":{"line":232,"column":10},"end":{"line":232,"column":30}},"109":{"start":{"line":235,"column":8},"end":{"line":235,"column":72}},"110":{"start":{"line":236,"column":8},"end":{"line":236,"column":34}},"111":{"start":{"line":239,"column":4},"end":{"line":239,"column":28}},"112":{"start":{"line":243,"column":4},"end":{"line":248,"column":7}},"113":{"start":{"line":244,"column":6},"end":{"line":247,"column":10}}},"fnMap":{"0":{"name":"(anonymous_0)","decl":{"start":{"line":40,"column":16},"end":{"line":40,"column":17}},"loc":{"start":{"line":40,"column":31},"end":{"line":40,"column":54}},"line":40},"1":{"name":"(anonymous_1)","decl":{"start":{"line":47,"column":2},"end":{"line":47,"column":3}},"loc":{"start":{"line":47,"column":16},"end":{"line":67,"column":3}},"line":47},"2":{"name":"(anonymous_2)","decl":{"start":{"line":60,"column":25},"end":{"line":60,"column":26}},"loc":{"start":{"line":60,"column":57},"end":{"line":62,"column":7}},"line":60},"3":{"name":"(anonymous_3)","decl":{"start":{"line":69,"column":2},"end":{"line":69,"column":3}},"loc":{"start":{"line":69,"column":16},"end":{"line":90,"column":3}},"line":69},"4":{"name":"(anonymous_4)","decl":{"start":{"line":92,"column":2},"end":{"line":92,"column":3}},"loc":{"start":{"line":92,"column":16},"end":{"line":110,"column":3}},"line":92},"5":{"name":"(anonymous_5)","decl":{"start":{"line":94,"column":23},"end":{"line":94,"column":24}},"loc":{"start":{"line":94,"column":49},"end":{"line":105,"column":5}},"line":94},"6":{"name":"(anonymous_6)","decl":{"start":{"line":107,"column":25},"end":{"line":107,"column":26}},"loc":{"start":{"line":107,"column":45},"end":{"line":109,"column":5}},"line":107},"7":{"name":"(anonymous_7)","decl":{"start":{"line":112,"column":2},"end":{"line":112,"column":3}},"loc":{"start":{"line":112,"column":55},"end":{"line":126,"column":1}},"line":112},"8":{"name":"(anonymous_8)","decl":{"start":{"line":122,"column":50},"end":{"line":122,"column":51}},"loc":{"start":{"line":122,"column":62},"end":{"line":125,"column":5}},"line":122},"9":{"name":"(anonymous_9)","decl":{"start":{"line":128,"column":2},"end":{"line":128,"column":3}},"loc":{"start":{"line":128,"column":20},"end":{"line":170,"column":3}},"line":128},"10":{"name":"(anonymous_10)","decl":{"start":{"line":172,"column":2},"end":{"line":172,"column":3}},"loc":{"start":{"line":172,"column":17},"end":{"line":204,"column":3}},"line":172},"11":{"name":"(anonymous_11)","decl":{"start":{"line":206,"column":2},"end":{"line":206,"column":3}},"loc":{"start":{"line":206,"column":31},"end":{"line":240,"column":3}},"line":206},"12":{"name":"(anonymous_12)","decl":{"start":{"line":230,"column":49},"end":{"line":230,"column":50}},"loc":{"start":{"line":230,"column":65},"end":{"line":233,"column":9}},"line":230},"13":{"name":"(anonymous_13)","decl":{"start":{"line":242,"column":2},"end":{"line":242,"column":3}},"loc":{"start":{"line":242,"column":23},"end":{"line":249,"column":3}},"line":242},"14":{"name":"(anonymous_14)","decl":{"start":{"line":243,"column":28},"end":{"line":243,"column":29}},"loc":{"start":{"line":243,"column":47},"end":{"line":248,"column":5}},"line":243}},"branchMap":{"0":{"loc":{"start":{"line":1,"column":0},"end":{"line":3,"column":1}},"type":"if","locations":[{"start":{"line":1,"column":0},"end":{"line":3,"column":1}},{"start":{},"end":{}}],"line":1},"1":{"loc":{"start":{"line":5,"column":15},"end":{"line":5,"column":55}},"type":"binary-expr","locations":[{"start":{"line":5,"column":15},"end":{"line":5,"column":47}},{"start":{"line":5,"column":51},"end":{"line":5,"column":55}}],"line":5},"2":{"loc":{"start":{"line":6,"column":0},"end":{"line":15,"column":1}},"type":"if","locations":[{"start":{"line":6,"column":0},"end":{"line":15,"column":1}},{"start":{},"end":{}}],"line":6},"3":{"loc":{"start":{"line":11,"column":17},"end":{"line":11,"column":56}},"type":"binary-expr","locations":[{"start":{"line":11,"column":17},"end":{"line":11,"column":48}},{"start":{"line":11,"column":52},"end":{"line":11,"column":56}}],"line":11},"4":{"loc":{"start":{"line":52,"column":4},"end":{"line":65,"column":5}},"type":"if","locations":[{"start":{"line":52,"column":4},"end":{"line":65,"column":5}},{"start":{"line":63,"column":11},"end":{"line":65,"column":5}}],"line":52},"5":{"loc":{"start":{"line":57,"column":8},"end":{"line":58,"column":25}},"type":"if","locations":[{"start":{"line":57,"column":8},"end":{"line":58,"column":25}},{"start":{},"end":{}}],"line":57},"6":{"loc":{"start":{"line":99,"column":6},"end":{"line":104,"column":7}},"type":"if","locations":[{"start":{"line":99,"column":6},"end":{"line":104,"column":7}},{"start":{"line":101,"column":13},"end":{"line":104,"column":7}}],"line":99},"7":{"loc":{"start":{"line":130,"column":4},"end":{"line":132,"column":5}},"type":"if","locations":[{"start":{"line":130,"column":4},"end":{"line":132,"column":5}},{"start":{},"end":{}}],"line":130},"8":{"loc":{"start":{"line":134,"column":4},"end":{"line":140,"column":5}},"type":"if","locations":[{"start":{"line":134,"column":4},"end":{"line":140,"column":5}},{"start":{},"end":{}}],"line":134},"9":{"loc":{"start":{"line":150,"column":4},"end":{"line":156,"column":5}},"type":"if","locations":[{"start":{"line":150,"column":4},"end":{"line":156,"column":5}},{"start":{},"end":{}}],"line":150},"10":{"loc":{"start":{"line":160,"column":4},"end":{"line":166,"column":5}},"type":"if","locations":[{"start":{"line":160,"column":4},"end":{"line":166,"column":5}},{"start":{},"end":{}}],"line":160},"11":{"loc":{"start":{"line":187,"column":6},"end":{"line":194,"column":7}},"type":"if","locations":[{"start":{"line":187,"column":6},"end":{"line":194,"column":7}},{"start":{},"end":{}}],"line":187},"12":{"loc":{"start":{"line":196,"column":6},"end":{"line":198,"column":7}},"type":"if","locations":[{"start":{"line":196,"column":6},"end":{"line":198,"column":7}},{"start":{},"end":{}}],"line":196},"13":{"loc":{"start":{"line":218,"column":6},"end":{"line":221,"column":7}},"type":"if","locations":[{"start":{"line":218,"column":6},"end":{"line":221,"column":7}},{"start":{},"end":{}}],"line":218},"14":{"loc":{"start":{"line":222,"column":6},"end":{"line":226,"column":7}},"type":"if","locations":[{"start":{"line":222,"column":6},"end":{"line":226,"column":7}},{"start":{},"end":{}}],"line":222}},"s":{"0":1,"1":0,"2":1,"3":1,"4":0,"5":0,"6":1,"7":1,"8":1,"9":1,"10":1,"11":1,"12":1,"13":1,"14":1,"15":1,"16":1,"17":0,"18":1,"19":1,"20":1,"21":1,"22":1,"23":1,"24":1,"25":1,"26":12,"27":0,"28":1,"29":0,"30":0,"31":1,"32":0,"33":0,"34":0,"35":0,"36":0,"37":0,"38":1,"39":0,"40":0,"41":0,"42":0,"43":0,"44":0,"45":0,"46":0,"47":1,"48":0,"49":2,"50":2,"51":2,"52":2,"53":2,"54":2,"55":0,"56":0,"57":0,"58":0,"59":0,"60":0,"61":0,"62":0,"63":0,"64":0,"65":0,"66":0,"67":0,"68":0,"69":0,"70":0,"71":0,"72":0,"73":0,"74":5,"75":5,"76":5,"77":5,"78":3,"79":2,"80":5,"81":2,"82":2,"83":0,"84":2,"85":5,"86":2,"87":0,"88":5,"89":1,"90":1,"91":1,"92":1,"93":2,"94":2,"95":2,"96":2,"97":2,"98":0,"99":0,"100":2,"101":0,"102":0,"103":0,"104":2,"105":2,"106":2,"107":2,"108":2,"109":0,"110":0,"111":1,"112":0,"113":0},"f":{"0":0,"1":1,"2":0,"3":0,"4":1,"5":0,"6":0,"7":2,"8":2,"9":0,"10":5,"11":1,"12":2,"13":0,"14":0},"b":{"0":[0,1],"1":[1,1],"2":[0,1],"3":[0,0],"4":[1,0],"5":[0,12],"6":[0,0],"7":[0,0],"8":[0,0],"9":[0,0],"10":[0,0],"11":[2,3],"12":[2,3],"13":[0,2],"14":[0,2]},"_coverageSchema":"1a1c01bbd47fc00a2c39e90264f33305004495a9","hash":"04a93cba43faca102d5376437e91c81b86ff7cdf"}
}
