TN:
SF:transformer.js
FN:40,(anonymous_0)
FN:47,(anonymous_1)
FN:60,(anonymous_2)
FN:69,(anonymous_3)
FN:92,(anonymous_4)
FN:94,(anonymous_5)
FN:107,(anonymous_6)
FN:112,(anonymous_7)
FN:122,(anonymous_8)
FN:128,(anonymous_9)
FN:172,(anonymous_10)
FN:206,(anonymous_11)
FN:230,(anonymous_12)
FN:242,(anonymous_13)
FN:243,(anonymous_14)
FNF:15
FNH:7
FNDA:0,(anonymous_0)
FNDA:1,(anonymous_1)
FNDA:0,(anonymous_2)
FNDA:0,(anonymous_3)
FNDA:1,(anonymous_4)
FNDA:0,(anonymous_5)
FNDA:0,(anonymous_6)
FNDA:2,(anonymous_7)
FNDA:2,(anonymous_8)
FNDA:0,(anonymous_9)
FNDA:5,(anonymous_10)
FNDA:1,(anonymous_11)
FNDA:2,(anonymous_12)
FNDA:0,(anonymous_13)
FNDA:0,(anonymous_14)
DA:1,1
DA:2,0
DA:5,1
DA:6,1
DA:7,0
DA:9,0
DA:17,1
DA:18,1
DA:19,1
DA:21,1
DA:22,1
DA:24,1
DA:25,1
DA:26,1
DA:27,1
DA:29,1
DA:31,1
DA:40,0
DA:45,1
DA:49,1
DA:50,1
DA:52,1
DA:53,1
DA:55,1
DA:56,1
DA:57,12
DA:58,0
DA:60,1
DA:61,0
DA:64,0
DA:66,1
DA:72,0
DA:74,0
DA:78,0
DA:84,0
DA:87,0
DA:89,0
DA:94,1
DA:95,0
DA:96,0
DA:97,0
DA:98,0
DA:99,0
DA:100,0
DA:102,0
DA:103,0
DA:107,1
DA:108,0
DA:114,2
DA:120,2
DA:121,2
DA:122,2
DA:123,2
DA:124,2
DA:130,0
DA:131,0
DA:134,0
DA:135,0
DA:139,0
DA:142,0
DA:143,0
DA:144,0
DA:146,0
DA:149,0
DA:150,0
DA:151,0
DA:155,0
DA:158,0
DA:160,0
DA:161,0
DA:165,0
DA:168,0
DA:169,0
DA:176,5
DA:177,5
DA:180,5
DA:181,5
DA:182,3
DA:184,2
DA:187,5
DA:188,2
DA:189,2
DA:190,0
DA:192,2
DA:196,5
DA:197,2
DA:201,0
DA:203,5
DA:208,1
DA:209,1
DA:210,1
DA:211,1
DA:212,2
DA:213,2
DA:214,2
DA:217,2
DA:218,2
DA:219,0
DA:220,0
DA:222,2
DA:223,0
DA:224,0
DA:225,0
DA:228,2
DA:229,2
DA:230,2
DA:231,2
DA:232,2
DA:235,0
DA:236,0
DA:239,1
DA:243,0
DA:244,0
LF:113
LH:61
BRDA:1,0,0,0
BRDA:1,0,1,1
BRDA:5,1,0,1
BRDA:5,1,1,1
BRDA:6,2,0,0
BRDA:6,2,1,1
BRDA:11,3,0,0
BRDA:11,3,1,0
BRDA:52,4,0,1
BRDA:52,4,1,0
BRDA:57,5,0,0
BRDA:57,5,1,12
BRDA:99,6,0,0
BRDA:99,6,1,0
BRDA:130,7,0,0
BRDA:130,7,1,0
BRDA:134,8,0,0
BRDA:134,8,1,0
BRDA:150,9,0,0
BRDA:150,9,1,0
BRDA:160,10,0,0
BRDA:160,10,1,0
BRDA:187,11,0,2
BRDA:187,11,1,3
BRDA:196,12,0,2
BRDA:196,12,1,3
BRDA:218,13,0,0
BRDA:218,13,1,2
BRDA:222,14,0,0
BRDA:222,14,1,2
BRF:30
BRH:12
end_of_record
